{"/Users/sunny/vue-test-app/src/components/Parent.vue": {"path":"/Users/sunny/vue-test-app/src/components/Parent.vue","statementMap":{"0":{"start":{"line":11,"column":0},"end":{"line":null,"column":-1}},"1":{"start":{"line":17,"column":0},"end":{"line":null,"column":-1}},"2":{"start":{"line":25,"column":0},"end":{"line":null,"column":-1}},"3":{"start":{"line":26,"column":0},"end":{"line":null,"column":-1}},"4":{"start":{"line":29,"column":0},"end":{"line":null,"column":-1}}},"fnMap":{},"branchMap":{},"s":{"0":1,"1":7,"2":2,"3":2,"4":1},"f":{},"b":{}}
,"/Users/sunny/vue-test-app/src/components/NewTodoForm/NewTodoForm.vue": {"path":"/Users/sunny/vue-test-app/src/components/NewTodoForm/NewTodoForm.vue","statementMap":{"0":{"start":{"line":11,"column":0},"end":{"line":null,"column":-1}},"1":{"start":{"line":17,"column":0},"end":{"line":null,"column":-1}},"2":{"start":{"line":20,"column":0},"end":{"line":null,"column":-1}}},"fnMap":{},"branchMap":{},"s":{"0":1,"1":0,"2":0},"f":{},"b":{}}
,"/Users/sunny/vue-test-app/src/components/Todos/Todos.vue": {"path":"/Users/sunny/vue-test-app/src/components/Todos/Todos.vue","statementMap":{"0":{"start":{"line":13,"column":0},"end":{"line":null,"column":-1}},"1":{"start":{"line":19,"column":0},"end":{"line":null,"column":-1}}},"fnMap":{},"branchMap":{},"s":{"0":1,"1":3},"f":{},"b":{}}
,"/Users/sunny/vue-test-app/src/store/state.js": {"path":"/Users/sunny/vue-test-app/src/store/state.js","statementMap":{},"fnMap":{},"branchMap":{},"s":{},"f":{},"b":{},"_coverageSchema":"332fd63041d2c1bcb487cc26dd0d5f7d97098a6c","hash":"51c8532b14cbcbef932a5877aa06ef44c08a75fb"}
}
