TN:
SF:/Users/sunny/vue-test-app/src/components/Parent.vue
FNF:0
FNH:0
DA:11,1
DA:17,7
DA:25,2
DA:26,2
DA:29,1
LF:5
LH:5
BRF:0
BRH:0
end_of_record
TN:
SF:/Users/sunny/vue-test-app/src/components/NewTodoForm/NewTodoForm.vue
FNF:0
FNH:0
DA:11,1
DA:17,0
DA:20,0
LF:3
LH:1
BRF:0
BRH:0
end_of_record
TN:
SF:/Users/sunny/vue-test-app/src/components/Todos/Todos.vue
FNF:0
FNH:0
DA:13,1
DA:19,3
LF:2
LH:2
BRF:0
BRH:0
end_of_record
TN:
SF:/Users/sunny/vue-test-app/src/store/state.js
FNF:0
FNH:0
LF:0
LH:0
BRF:0
BRH:0
end_of_record
